<?xml version="1.0" encoding="UTF-8"?>
<!-- Generated by org.testng.reporters.JUnitReportReporter -->
<testsuite hostname="ELW5237" failures="0" tests="2" name="testngexample.TestHRMApplication" time="8.149" errors="0" timestamp="28 Sep 2022 12:16:07 GMT" skipped="0">
  <testcase classname="testngexample.TestHRMApplication" name="login" time="4.320"/>
  <testcase classname="testngexample.TestHRMApplication" name="logout" time="3.829"/>
</testsuite> <!-- testngexample.TestHRMApplication -->
